C:\Program Files\Microsoft Visual Studio\2022\Community\MSBuild\Microsoft\VC\v170\Microsoft.CppBuild.targets(531,5): warning MSB8028: The intermediate directory (x64\Debug\) contains files shared from another project (game4.vcxproj).  This can lead to incorrect clean and rebuild behavior.
  aStar.c
  LOS.c
  entities.c
  entityFactory.c
  items.c
C:\Users\srmu2\source\repos\RPG\src\game\entity\items.c(105,7): warning C4101: 'text': unreferenced local variable
C:\Users\srmu2\source\repos\RPG\src\game\entity\items.c(121,7): warning C4101: 'text': unreferenced local variable
  monsters.c
C:\Users\srmu2\source\repos\RPG\src\game\entity\monsters.c(156,17): warning C4047: 'function': 'int' differs in levels of indirection from 'int *'
C:\Users\srmu2\source\repos\RPG\src\game\entity\monsters.c(156,17): warning C4024: 'moveEntity': different types for formal and actual parameter 2
C:\Users\srmu2\source\repos\RPG\src\game\entity\monsters.c(156,22): warning C4047: 'function': 'int' differs in levels of indirection from 'int *'
C:\Users\srmu2\source\repos\RPG\src\game\entity\monsters.c(156,22): warning C4024: 'moveEntity': different types for formal and actual parameter 3
  player.c
  animations.c
C:\Users\srmu2\source\repos\RPG\src\game\fightScene\animations.c(42,29): warning C4133: 'function': incompatible types - from 'Texture *' to 'SDL_Texture *'
  combat.c
  combatMech.c
  fightScene.c
C:\Users\srmu2\source\repos\RPG\src\game\fightScene\fightScene.c(56,38): warning C4133: 'function': incompatible types - from 'Texture *' to 'SDL_Texture *'
  forest.c
  map.c
  ending.c
C:\Users\srmu2\source\repos\RPG\src\game\screens\ending.c(37,32): warning C4133: 'function': incompatible types - from 'Texture *' to 'SDL_Texture *'
C:\Users\srmu2\source\repos\RPG\src\game\screens\ending.c(44,32): warning C4133: 'function': incompatible types - from 'Texture *' to 'SDL_Texture *'
  hud.c
C:\Users\srmu2\source\repos\RPG\src\game\screens\hud.c(114,17): warning C4133: 'function': incompatible types - from 'Monster *' to 'Entity *'
  messageBox.c
  stats.c
  title.c
C:\Users\srmu2\source\repos\RPG\src\game\screens\title.c(68,25): warning C4133: 'function': incompatible types - from 'Texture *' to 'SDL_Texture *'
  main.c
C:\Users\srmu2\source\repos\RPG\src\main.c(100,24): warning C4018: '>=': signed/unsigned mismatch
  draw.c
C:\Users\srmu2\source\repos\RPG\src\system\draw.c(34,19): warning C4133: 'function': incompatible types - from 'Texture *' to 'SDL_Texture *'
C:\Users\srmu2\source\repos\RPG\src\system\draw.c(44,33): warning C4133: 'function': incompatible types - from 'Texture *' to 'SDL_Texture *'
C:\Users\srmu2\source\repos\RPG\src\system\draw.c(91,26): warning C4133: 'function': incompatible types - from 'Texture *' to 'SDL_Texture *'
C:\Users\srmu2\source\repos\RPG\src\system\draw.c(96,27): warning C4133: 'function': incompatible types - from 'Texture *' to 'SDL_Texture *'
  Generating Code...
  Compiling...
  init.c
  input.c
C:\Users\srmu2\source\repos\RPG\src\system\input.c(56,12): warning C4101: 'event': unreferenced local variable
  sound.c
  text.c
C:\Users\srmu2\source\repos\RPG\src\system\text.c(36,5): warning C4133: 'return': incompatible types - from 'Texture *' to 'SDL_Texture *'
C:\Users\srmu2\source\repos\RPG\src\system\text.c(43,5): warning C4133: 'return': incompatible types - from 'Texture *' to 'SDL_Texture *'
C:\Users\srmu2\source\repos\RPG\src\system\text.c(50,5): warning C4133: 'return': incompatible types - from 'Texture *' to 'SDL_Texture *'
C:\Users\srmu2\source\repos\RPG\src\system\text.c(57,10): warning C4133: 'function': incompatible types - from 'SDL_Texture *' to 'Texture *'
C:\Users\srmu2\source\repos\RPG\src\system\text.c(64,10): warning C4133: 'function': incompatible types - from 'SDL_Texture *' to 'Texture *'
C:\Users\srmu2\source\repos\RPG\src\system\text.c(71,10): warning C4133: 'function': incompatible types - from 'SDL_Texture *' to 'Texture *'
  textures.c
C:\Users\srmu2\source\repos\RPG\src\system\textures.c(30,13): warning C4133: 'return': incompatible types - from 'SDL_Texture *' to 'Texture *'
C:\Users\srmu2\source\repos\RPG\src\system\textures.c(41,13): warning C4133: '=': incompatible types - from 'SDL_Texture *' to 'Texture *'
C:\Users\srmu2\source\repos\RPG\src\system\textures.c(60,17): warning C4133: '=': incompatible types - from 'SDL_Texture *' to 'Texture *'
  util.c
C:\Users\srmu2\source\repos\RPG\src\system\util.c(17,9): warning C4244: 'return': conversion from 'double' to 'int', possible loss of data
  Generating Code...
  RPG.vcxproj -> C:\Users\srmu2\source\repos\RPG\x64\Debug\RPG.exe
