  docScan.cpp
C:\Users\srmu2\source\repos\DocumentScanner\DocumentScanner\docScan.cpp(56,18): warning C4244: 'initializing': conversion from 'double' to 'int', possible loss of data
C:\Users\srmu2\source\repos\DocumentScanner\DocumentScanner\docScan.cpp(62,24): warning C4244: 'initializing': conversion from 'double' to 'float', possible loss of data
C:\Users\srmu2\source\repos\DocumentScanner\DocumentScanner\docScan.cpp(117,52): warning C4244: 'argument': conversion from 'float' to '_Tp', possible loss of data
          with
          [
              _Tp=int
          ]
C:\Users\srmu2\source\repos\DocumentScanner\DocumentScanner\docScan.cpp(117,49): warning C4244: 'argument': conversion from 'float' to '_Tp', possible loss of data
          with
          [
              _Tp=int
          ]
C:\Users\srmu2\source\repos\DocumentScanner\DocumentScanner\docScan.cpp(168,22): warning C4244: 'initializing': conversion from 'double' to 'int', possible loss of data
C:\Users\srmu2\source\repos\DocumentScanner\DocumentScanner\docScan.cpp(217,1): warning C4326: return type of 'main' should be 'int' instead of 'void'
C:\Users\srmu2\source\repos\DocumentScanner\DocumentScanner\docScan.cpp(269,57): warning C4244: 'argument': conversion from 'float' to '_Tp', possible loss of data
          with
          [
              _Tp=int
          ]
C:\Users\srmu2\source\repos\DocumentScanner\DocumentScanner\docScan.cpp(269,38): warning C4244: 'argument': conversion from 'float' to '_Tp', possible loss of data
          with
          [
              _Tp=int
          ]
  DocumentScanner.vcxproj -> C:\Users\srmu2\source\repos\DocumentScanner\x64\Debug\DocumentScanner.exe
