  aStar.c
C:\Users\srmu2\source\repos\game4\game4\src\common.h(4,10): fatal  error C1083: Cannot open include file: 'SDL.h': No such file or directory
  dungeon.c
C:\Users\srmu2\source\repos\game4\game4\src\common.h(4,10): fatal  error C1083: Cannot open include file: 'SDL.h': No such file or directory
  Ending.c
C:\Users\srmu2\source\repos\game4\game4\src\common.h(4,10): fatal  error C1083: Cannot open include file: 'SDL.h': No such file or directory
  entities.c
C:\Users\srmu2\source\repos\game4\game4\src\common.h(4,10): fatal  error C1083: Cannot open include file: 'SDL.h': No such file or directory
  entityFactory.c
C:\Users\srmu2\source\repos\game4\game4\src\common.h(4,10): fatal  error C1083: Cannot open include file: 'SDL.h': No such file or directory
  fightscene.c
C:\Users\srmu2\source\repos\game4\game4\src\common.h(4,10): fatal  error C1083: Cannot open include file: 'SDL.h': No such file or directory
  fogOfWar.c
C:\Users\srmu2\source\repos\game4\game4\src\common.h(4,10): fatal  error C1083: Cannot open include file: 'SDL.h': No such file or directory
  hud.c
C:\Users\srmu2\source\repos\game4\game4\src\common.h(4,10): fatal  error C1083: Cannot open include file: 'SDL.h': No such file or directory
  items.c
C:\Users\srmu2\source\repos\game4\game4\src\common.h(4,10): fatal  error C1083: Cannot open include file: 'SDL.h': No such file or directory
  map.c
C:\Users\srmu2\source\repos\game4\game4\src\common.h(4,10): fatal  error C1083: Cannot open include file: 'SDL.h': No such file or directory
  monsters.c
C:\Users\srmu2\source\repos\game4\game4\src\common.h(4,10): fatal  error C1083: Cannot open include file: 'SDL.h': No such file or directory
  player.c
C:\Users\srmu2\source\repos\game4\game4\src\common.h(4,10): fatal  error C1083: Cannot open include file: 'SDL.h': No such file or directory
  states.c
C:\Users\srmu2\source\repos\game4\game4\src\common.h(4,10): fatal  error C1083: Cannot open include file: 'SDL.h': No such file or directory
  title.c
C:\Users\srmu2\source\repos\game4\game4\src\common.h(4,10): fatal  error C1083: Cannot open include file: 'SDL.h': No such file or directory
  main.c
C:\Users\srmu2\source\repos\game4\game4\src\common.h(4,10): fatal  error C1083: Cannot open include file: 'SDL.h': No such file or directory
  draw.c
C:\Users\srmu2\source\repos\game4\game4\src\common.h(4,10): fatal  error C1083: Cannot open include file: 'SDL.h': No such file or directory
  init.c
C:\Users\srmu2\source\repos\game4\game4\src\system\init.c(3,10): fatal  error C1083: Cannot open include file: 'SDL_image.h': No such file or directory
  input.c
C:\Users\srmu2\source\repos\game4\game4\src\common.h(4,10): fatal  error C1083: Cannot open include file: 'SDL.h': No such file or directory
  sound.c
C:\Users\srmu2\source\repos\game4\game4\src\system\sound.c(3,10): fatal  error C1083: Cannot open include file: 'SDL_mixer.h': No such file or directory
  text.c
C:\Users\srmu2\source\repos\game4\game4\src\system\text.c(3,10): fatal  error C1083: Cannot open include file: 'SDL_ttf.h': No such file or directory
  Compiling...
  textures.c
C:\Users\srmu2\source\repos\game4\game4\src\system\textures.c(3,10): fatal  error C1083: Cannot open include file: 'SDL_image.h': No such file or directory
  util.c
C:\Users\srmu2\source\repos\game4\game4\src\common.h(4,10): fatal  error C1083: Cannot open include file: 'SDL.h': No such file or directory
